2024-01-26 09:37:24,258 [INFO] WebApp:330 - JxBrowser engine has been closed 
2024-01-26 10:24:19,771 [INFO] Activator:176 - 


2024-01-26 10:24:19,775 [INFO] Activator:177 - !SESSION log4j initialized
2024-01-26 10:24:27,474 [INFO] LogOutputStream:77 - [STDOUT_REDIRECT] 
2024-01-26 10:24:30,607 [INFO] ApplicationProperties:184 - Using Application install path: C:\ST\STM32CubeIDE_1.13.2\STM32CubeIDE\plugins\com.st.stm32cube.common.mx_6.9.2.202309101412
2024-01-26 10:24:30,638 [INFO] DbMcusXml:78 - Set database path to: C:\ST\STM32CubeIDE_1.13.2\STM32CubeIDE\plugins\com.st.stm32cube.common.mx_6.9.2.202309101412\\db\/mcu/
2024-01-26 10:24:30,639 [INFO] ApiDb:274 - Set plugin database path to: C:\ST\STM32CubeIDE_1.13.2\STM32CubeIDE\plugins\com.st.stm32cube.common.mx_6.9.2.202309101412\\db\/plugins/boardmanager/
2024-01-26 10:24:30,640 [WARN] ApiDb:259 - Overriding images path with different value:  => C:\ST\STM32CubeIDE_1.13.2\STM32CubeIDE\plugins\com.st.stm32cube.common.mx_6.9.2.202309101412\\db\/plugins/mcufinder/images/
2024-01-26 10:24:30,670 [INFO] ApiDb:250 - Set database path to: C:\Users\Utente\.stmcufinder\plugins\mcufinder//mcu/
2024-01-26 10:24:30,672 [INFO] DbMcusAds:125 - Set database path to: C:\Users\Utente\.stmcufinder\plugins\mcufinder//mcu/
2024-01-26 10:24:30,678 [INFO] CrossReferenceDbSqlite:203 - Set database path to: C:\Users\Utente\.stmcufinder\plugins\mcufinder//mcu/cs/
2024-01-26 10:24:30,908 [INFO] RulesReader:64 - Compatibility file has been processed (293 Rules)
2024-01-26 10:24:31,049 [INFO] DbMcusXml:78 - Set database path to: C:\ST\STM32CubeIDE_1.13.2\STM32CubeIDE\plugins\com.st.stm32cube.common.mx_6.9.2.202309101412\\db\/mcu/
2024-01-26 10:24:31,049 [INFO] ApiDb:274 - Set plugin database path to: C:\ST\STM32CubeIDE_1.13.2\STM32CubeIDE\plugins\com.st.stm32cube.common.mx_6.9.2.202309101412\\db\/plugins/boardmanager/
2024-01-26 10:24:31,049 [INFO] ApiDb:261 - Set plugin images path to: C:\ST\STM32CubeIDE_1.13.2\STM32CubeIDE\plugins\com.st.stm32cube.common.mx_6.9.2.202309101412\\db\/plugins/mcufinder/images/
2024-01-26 10:24:31,049 [WARN] DbFile:41 - Overriding database path with different value: C:\Users\Utente\.stmcufinder\plugins\mcufinder/ => C:\Users\Utente\.stmcufinder\plugins\mcufinder
2024-01-26 10:24:31,050 [INFO] ApiDb:250 - Set database path to: C:\Users\Utente\.stmcufinder\plugins\mcufinder//mcu/
2024-01-26 10:24:31,050 [WARN] DbFile:41 - Overriding database path with different value: C:\Users\Utente\.stmcufinder\plugins\mcufinder/ => C:\Users\Utente\.stmcufinder\plugins\mcufinder
2024-01-26 10:24:31,050 [INFO] DbMcusAds:125 - Set database path to: C:\Users\Utente\.stmcufinder\plugins\mcufinder//mcu/
2024-01-26 10:24:31,050 [WARN] DbFile:41 - Overriding database path with different value: C:\Users\Utente\.stmcufinder\plugins\mcufinder/ => C:\Users\Utente\.stmcufinder\plugins\mcufinder
2024-01-26 10:24:31,050 [WARN] DbFile:41 - Overriding database path with different value: C:\Users\Utente\.stmcufinder\plugins\mcufinder/ => C:\Users\Utente\.stmcufinder\plugins\mcufinder
2024-01-26 10:24:31,050 [INFO] CrossReferenceDbSqlite:203 - Set database path to: C:\Users\Utente\.stmcufinder\plugins\mcufinder//mcu/cs/
2024-01-26 10:24:31,174 [INFO] MainPanel:262 - HeapMemory: 268435456
2024-01-26 10:24:31,336 [INFO] DbMcusXml:78 - Set database path to: C:\ST\STM32CubeIDE_1.13.2\STM32CubeIDE\plugins\com.st.stm32cube.common.mx_6.9.2.202309101412\\db\/mcu/
2024-01-26 10:24:31,336 [INFO] ApiDb:274 - Set plugin database path to: C:\ST\STM32CubeIDE_1.13.2\STM32CubeIDE\plugins\com.st.stm32cube.common.mx_6.9.2.202309101412\\db\/plugins/boardmanager/
2024-01-26 10:24:31,336 [INFO] ApiDb:261 - Set plugin images path to: C:\ST\STM32CubeIDE_1.13.2\STM32CubeIDE\plugins\com.st.stm32cube.common.mx_6.9.2.202309101412\\db\/plugins/mcufinder/images/
2024-01-26 10:24:31,337 [WARN] DbFile:41 - Overriding database path with different value: C:\Users\Utente\.stmcufinder\plugins\mcufinder/ => C:\Users\Utente\.stmcufinder\plugins\mcufinder
2024-01-26 10:24:31,337 [INFO] ApiDb:250 - Set database path to: C:\Users\Utente\.stmcufinder\plugins\mcufinder//mcu/
2024-01-26 10:24:31,337 [WARN] DbFile:41 - Overriding database path with different value: C:\Users\Utente\.stmcufinder\plugins\mcufinder/ => C:\Users\Utente\.stmcufinder\plugins\mcufinder
2024-01-26 10:24:31,338 [INFO] DbMcusAds:125 - Set database path to: C:\Users\Utente\.stmcufinder\plugins\mcufinder//mcu/
2024-01-26 10:24:31,338 [WARN] DbFile:41 - Overriding database path with different value: C:\Users\Utente\.stmcufinder\plugins\mcufinder/ => C:\Users\Utente\.stmcufinder\plugins\mcufinder
2024-01-26 10:24:31,338 [WARN] DbFile:41 - Overriding database path with different value: C:\Users\Utente\.stmcufinder\plugins\mcufinder/ => C:\Users\Utente\.stmcufinder\plugins\mcufinder
2024-01-26 10:24:31,338 [INFO] CrossReferenceDbSqlite:203 - Set database path to: C:\Users\Utente\.stmcufinder\plugins\mcufinder//mcu/cs/
2024-01-26 10:24:31,370 [INFO] ApplicationProperties:184 - Using Application install path: C:\ST\STM32CubeIDE_1.13.2\STM32CubeIDE\plugins\com.st.stm32cube.common.mx_6.9.2.202309101412
2024-01-26 10:24:31,372 [INFO] PluginManage:196 - Search for loadable plugins [exclusion list=, ]
2024-01-26 10:24:31,374 [INFO] PluginManage:310 - Check plugin analytics
2024-01-26 10:24:31,661 [INFO] AnalyticsPlugin:253 - Accepted Software Licenses: 
2024-01-26 10:24:31,661 [INFO] AnalyticsPlugin:255 - Accepted CMSIS Pack Licenses: STMicroelectronics.X-CUBE-MEMS1.10.0.0
2024-01-26 10:24:31,662 [INFO] AnalyticsPlugin:257 - Accepted Firmware Licenses: FW.WL.1.3.0
2024-01-26 10:24:31,666 [INFO] PluginManage:359 - Loaded plugin analytics (category:tool,tabindex:-1)
2024-01-26 10:24:31,666 [INFO] PluginManage:310 - Check plugin cadmodel
2024-01-26 10:24:31,674 [INFO] CADModel:105 - Init CAD model plugin
2024-01-26 10:24:31,675 [INFO] PluginManage:359 - Loaded plugin cadmodel (category:power,tabindex:5)
2024-01-26 10:24:31,675 [INFO] PluginManage:310 - Check plugin clock
2024-01-26 10:24:31,693 [INFO] PluginManage:359 - Loaded plugin clock (category:base,tabindex:2)
2024-01-26 10:24:31,694 [INFO] PluginManage:310 - Check plugin ddr
2024-01-26 10:24:31,698 [INFO] PluginManage:359 - Loaded plugin ddr (category:tool,tabindex:6)
2024-01-26 10:24:31,699 [INFO] PluginManage:310 - Check plugin filemanager
2024-01-26 10:24:31,960 [INFO] PluginManage:359 - Loaded plugin filemanager (category:base,tabindex:10)
2024-01-26 10:24:31,960 [INFO] PluginManage:310 - Check plugin ipmanager
2024-01-26 10:24:31,972 [INFO] PluginManage:359 - Loaded plugin ipmanager (category:base,tabindex:5)
2024-01-26 10:24:31,972 [INFO] PluginManage:310 - Check plugin lpbam
2024-01-26 10:24:31,987 [INFO] PluginManage:359 - Loaded plugin lpbam (category:base,tabindex:0)
2024-01-26 10:24:31,987 [INFO] PluginManage:310 - Check plugin memorymap
2024-01-26 10:24:32,009 [INFO] PluginManage:359 - Loaded plugin memorymap (category:base,tabindex:4)
2024-01-26 10:24:32,009 [INFO] PluginManage:310 - Check plugin pinoutandconfiguration
2024-01-26 10:24:32,021 [INFO] PluginManage:359 - Loaded plugin pinoutandconfiguration (category:base,tabindex:1)
2024-01-26 10:24:32,022 [INFO] PluginManage:310 - Check plugin pinoutconfig
2024-01-26 10:24:32,167 [WARN] SupportedApi:132 - Cannot load RTOS API schema: s4s-elt-must-match.1: The content of 'definitions' must match (annotation?, (simpleType | complexType)?, (unique | key | keyref)*)). A problem was found starting at: attribute.
2024-01-26 10:24:32,373 [INFO] PluginManage:359 - Loaded plugin pinoutconfig (category:base,tabindex:0)
2024-01-26 10:24:32,374 [INFO] PluginManage:310 - Check plugin power
2024-01-26 10:24:32,389 [INFO] PluginManage:359 - Loaded plugin power (category:power,tabindex:4)
2024-01-26 10:24:32,390 [INFO] PluginManage:310 - Check plugin projectmanager
2024-01-26 10:24:32,411 [INFO] PluginManage:359 - Loaded plugin projectmanager (category:projectmanager,tabindex:3)
2024-01-26 10:24:32,411 [INFO] PluginManage:310 - Check plugin thirdparty
2024-01-26 10:24:32,590 [INFO] PluginManage:359 - Loaded plugin thirdparty (category:base,tabindex:-1)
2024-01-26 10:24:32,590 [WARN] IntegrityCheckThread:84 - waiting for thirdparty lock release [integrity check]
2024-01-26 10:24:32,591 [INFO] IntegrityCheckThread:86 - entering critical section [integrity check]
2024-01-26 10:24:32,591 [INFO] PluginManage:310 - Check plugin tools
2024-01-26 10:24:32,592 [INFO] ThirdPartyUpdaterWithRetryManager:70 - Updater plugin not ready yet. [1/15]
2024-01-26 10:24:32,595 [INFO] PluginManage:359 - Loaded plugin tools (category:base,tabindex:7)
2024-01-26 10:24:32,596 [INFO] PluginManage:310 - Check plugin tutovideos
2024-01-26 10:24:32,811 [INFO] PluginManage:359 - Loaded plugin tutovideos (category:base,tabindex:-1)
2024-01-26 10:24:32,811 [INFO] PluginManage:310 - Check plugin updater
2024-01-26 10:24:32,828 [INFO] PluginManage:359 - Loaded plugin updater (category:base,tabindex:12)
2024-01-26 10:24:32,828 [INFO] PluginManage:310 - Check plugin userauth
2024-01-26 10:24:32,835 [INFO] UserAuth:113 - Init User Auth plugin
2024-01-26 10:24:32,835 [INFO] PluginManage:359 - Loaded plugin userauth (category:base,tabindex:14)
2024-01-26 10:24:32,835 [INFO] PluginManage:283 - PluginManage : Loaded plugins [17]
2024-01-26 10:24:33,100 [INFO] PinOutPanel:1499 - setPackage(No Configuration,No Configuration)
2024-01-26 10:24:33,287 [INFO] CADModel:165 - CPN selected for project level
2024-01-26 10:24:33,287 [INFO] CADModel:114 - Register for checkConnection events
2024-01-26 10:24:33,317 [INFO] IPUIPlugin:80 - create IPUIPlugin
2024-01-26 10:24:33,317 [INFO] PluginManager:220 - loadIPPluginJar : add adc
2024-01-26 10:24:33,322 [INFO] IPUIPlugin:80 - create IPUIPlugin
2024-01-26 10:24:33,323 [INFO] PluginManager:220 - loadIPPluginJar : add aes
2024-01-26 10:24:33,327 [INFO] IPUIPlugin:80 - create IPUIPlugin
2024-01-26 10:24:33,328 [INFO] PluginManager:220 - loadIPPluginJar : add can
2024-01-26 10:24:33,331 [INFO] IPUIPlugin:80 - create IPUIPlugin
2024-01-26 10:24:33,331 [INFO] PluginManager:220 - loadIPPluginJar : add comp
2024-01-26 10:24:33,335 [INFO] IPUIPlugin:80 - create IPUIPlugin
2024-01-26 10:24:33,336 [INFO] PluginManager:220 - loadIPPluginJar : add cryp
2024-01-26 10:24:33,340 [INFO] IPUIPlugin:80 - create IPUIPlugin
2024-01-26 10:24:33,340 [INFO] PluginManager:220 - loadIPPluginJar : add dfsdm
2024-01-26 10:24:33,350 [INFO] IPUIPlugin:80 - create IPUIPlugin
2024-01-26 10:24:33,351 [INFO] PluginManager:220 - loadIPPluginJar : add dma
2024-01-26 10:24:33,355 [INFO] IPUIPlugin:80 - create IPUIPlugin
2024-01-26 10:24:33,356 [INFO] PluginManager:220 - loadIPPluginJar : add dma3
2024-01-26 10:24:33,359 [INFO] IPUIPlugin:80 - create IPUIPlugin
2024-01-26 10:24:33,359 [INFO] PluginManager:220 - loadIPPluginJar : add fatfs
2024-01-26 10:24:33,366 [INFO] IPUIPlugin:80 - create IPUIPlugin
2024-01-26 10:24:33,366 [INFO] PluginManager:220 - loadIPPluginJar : add fmc
2024-01-26 10:24:33,376 [INFO] IPUIPlugin:80 - create IPUIPlugin
2024-01-26 10:24:33,376 [INFO] PluginManager:220 - loadIPPluginJar : add freertos
2024-01-26 10:24:33,379 [INFO] IPUIPlugin:80 - create IPUIPlugin
2024-01-26 10:24:33,379 [INFO] PluginManager:220 - loadIPPluginJar : add genericplugin
2024-01-26 10:24:33,383 [INFO] IPUIPlugin:80 - create IPUIPlugin
2024-01-26 10:24:33,383 [INFO] PluginManager:220 - loadIPPluginJar : add gfxmmu
2024-01-26 10:24:33,393 [INFO] IPUIPlugin:80 - create IPUIPlugin
2024-01-26 10:24:33,394 [INFO] PluginManager:220 - loadIPPluginJar : add gic
2024-01-26 10:24:33,402 [INFO] IPUIPlugin:80 - create IPUIPlugin
2024-01-26 10:24:33,402 [INFO] PluginManager:220 - loadIPPluginJar : add gpio
2024-01-26 10:24:33,407 [INFO] IPUIPlugin:80 - create IPUIPlugin
2024-01-26 10:24:33,407 [INFO] PluginManager:220 - loadIPPluginJar : add gtzc
2024-01-26 10:24:33,411 [INFO] IPUIPlugin:80 - create IPUIPlugin
2024-01-26 10:24:33,411 [INFO] PluginManager:220 - loadIPPluginJar : add hash
2024-01-26 10:24:33,416 [INFO] IPUIPlugin:80 - create IPUIPlugin
2024-01-26 10:24:33,416 [INFO] PluginManager:220 - loadIPPluginJar : add i2c
2024-01-26 10:24:33,421 [INFO] IPUIPlugin:80 - create IPUIPlugin
2024-01-26 10:24:33,421 [INFO] PluginManager:220 - loadIPPluginJar : add i2s
2024-01-26 10:24:33,426 [INFO] IPUIPlugin:80 - create IPUIPlugin
2024-01-26 10:24:33,426 [INFO] PluginManager:220 - loadIPPluginJar : add i3c
2024-01-26 10:24:33,431 [INFO] IPUIPlugin:80 - create IPUIPlugin
2024-01-26 10:24:33,432 [INFO] PluginManager:220 - loadIPPluginJar : add ipddr
2024-01-26 10:24:33,443 [INFO] IPUIPlugin:80 - create IPUIPlugin
2024-01-26 10:24:33,444 [INFO] PluginManager:220 - loadIPPluginJar : add linkedlist
2024-01-26 10:24:33,448 [INFO] IPUIPlugin:80 - create IPUIPlugin
2024-01-26 10:24:33,448 [INFO] PluginManager:220 - loadIPPluginJar : add lorawan
2024-01-26 10:24:33,451 [INFO] IPUIPlugin:80 - create IPUIPlugin
2024-01-26 10:24:33,451 [INFO] PluginManager:220 - loadIPPluginJar : add ltdc
2024-01-26 10:24:33,463 [INFO] IPUIPlugin:80 - create IPUIPlugin
2024-01-26 10:24:33,464 [INFO] PluginManager:220 - loadIPPluginJar : add mdma
2024-01-26 10:24:33,470 [INFO] IPUIPlugin:80 - create IPUIPlugin
2024-01-26 10:24:33,471 [INFO] PluginManager:220 - loadIPPluginJar : add nvic
2024-01-26 10:24:33,476 [INFO] IPUIPlugin:80 - create IPUIPlugin
2024-01-26 10:24:33,477 [INFO] PluginManager:220 - loadIPPluginJar : add opamp
2024-01-26 10:24:33,482 [INFO] IPUIPlugin:80 - create IPUIPlugin
2024-01-26 10:24:33,482 [INFO] PluginManager:220 - loadIPPluginJar : add openamp
2024-01-26 10:24:33,488 [INFO] IPUIPlugin:80 - create IPUIPlugin
2024-01-26 10:24:33,488 [INFO] PluginManager:220 - loadIPPluginJar : add pdm2pcm
2024-01-26 10:24:33,499 [INFO] IPUIPlugin:80 - create IPUIPlugin
2024-01-26 10:24:33,503 [INFO] PluginManager:220 - loadIPPluginJar : add plateformsettings
2024-01-26 10:24:33,506 [INFO] IPUIPlugin:80 - create IPUIPlugin
2024-01-26 10:24:33,506 [INFO] PluginManager:220 - loadIPPluginJar : add quadspi
2024-01-26 10:24:33,512 [INFO] IPUIPlugin:80 - create IPUIPlugin
2024-01-26 10:24:33,513 [INFO] PluginManager:220 - loadIPPluginJar : add resmgrutility
2024-01-26 10:24:33,518 [INFO] IPUIPlugin:80 - create IPUIPlugin
2024-01-26 10:24:33,518 [INFO] PluginManager:220 - loadIPPluginJar : add sai
2024-01-26 10:24:33,522 [INFO] IPUIPlugin:80 - create IPUIPlugin
2024-01-26 10:24:33,522 [INFO] PluginManager:220 - loadIPPluginJar : add spi
2024-01-26 10:24:33,531 [INFO] IPUIPlugin:80 - create IPUIPlugin
2024-01-26 10:24:33,531 [INFO] PluginManager:220 - loadIPPluginJar : add stm32_wpan
2024-01-26 10:24:33,534 [INFO] IPUIPlugin:80 - create IPUIPlugin
2024-01-26 10:24:33,535 [INFO] PluginManager:220 - loadIPPluginJar : add tim
2024-01-26 10:24:33,540 [INFO] IPUIPlugin:80 - create IPUIPlugin
2024-01-26 10:24:33,541 [INFO] PluginManager:220 - loadIPPluginJar : add touchsensing
2024-01-26 10:24:33,545 [INFO] IPUIPlugin:80 - create IPUIPlugin
2024-01-26 10:24:33,545 [INFO] PluginManager:220 - loadIPPluginJar : add tracer_emb
2024-01-26 10:24:33,547 [INFO] IPUIPlugin:80 - create IPUIPlugin
2024-01-26 10:24:33,548 [INFO] PluginManager:220 - loadIPPluginJar : add ts
2024-01-26 10:24:33,551 [INFO] IPUIPlugin:80 - create IPUIPlugin
2024-01-26 10:24:33,551 [INFO] PluginManager:220 - loadIPPluginJar : add tsc
2024-01-26 10:24:33,555 [INFO] IPUIPlugin:80 - create IPUIPlugin
2024-01-26 10:24:33,555 [INFO] PluginManager:220 - loadIPPluginJar : add ucpd
2024-01-26 10:24:33,560 [INFO] IPUIPlugin:80 - create IPUIPlugin
2024-01-26 10:24:33,561 [INFO] PluginManager:220 - loadIPPluginJar : add usart
2024-01-26 10:24:33,565 [INFO] IPUIPlugin:80 - create IPUIPlugin
2024-01-26 10:24:33,565 [INFO] PluginManager:220 - loadIPPluginJar : add usbx
2024-01-26 10:24:33,739 [INFO] CADModel:165 - CPN selected for project level
2024-01-26 10:24:33,740 [INFO] CADModel:114 - Register for checkConnection events
2024-01-26 10:24:33,740 [FATAL] Updater:308 - Updater called before beeing initialized
2024-01-26 10:24:33,740 [ERROR] CADModel:125 - Updater not yet initialized, retry later 
2024-01-26 10:24:33,895 [INFO] CADModel:165 - CPN selected for project level
2024-01-26 10:24:33,895 [INFO] CADModel:114 - Register for checkConnection events
2024-01-26 10:24:33,896 [FATAL] Updater:308 - Updater called before beeing initialized
2024-01-26 10:24:33,896 [ERROR] CADModel:125 - Updater not yet initialized, retry later 
2024-01-26 10:24:33,900 [FATAL] Updater:308 - Updater called before beeing initialized
2024-01-26 10:24:34,040 [FATAL] Updater:308 - Updater called before beeing initialized
2024-01-26 10:24:34,045 [INFO] DbMcusAds:53 - JSON generation date=Wed Nov 29 11:52:27 CET 2023 (1701255147200)
2024-01-26 10:24:34,045 [FATAL] Updater:308 - Updater called before beeing initialized
2024-01-26 10:24:34,111 [WARN] DetailPanel:346 - Failed to get advertising image, set to default
2024-01-26 10:24:34,256 [FATAL] Updater:308 - Updater called before beeing initialized
2024-01-26 10:24:34,258 [FATAL] Updater:308 - Updater called before beeing initialized
2024-01-26 10:24:34,259 [FATAL] Updater:308 - Updater called before beeing initialized
2024-01-26 10:24:34,259 [WARN] DetailPanel:346 - Failed to get advertising image, set to default
2024-01-26 10:24:34,262 [FATAL] Updater:308 - Updater called before beeing initialized
2024-01-26 10:24:34,335 [ERROR] Updater:1120 - MainUpdater not yet initialized. External WinMGr cannot be set.
2024-01-26 10:24:34,338 [INFO] Updater:1056 - Updater Version found : 6.9.2
2024-01-26 10:24:34,359 [INFO] ApplicationProperties:184 - Using Application install path: C:\ST\STM32CubeIDE_1.13.2\STM32CubeIDE\plugins\com.st.stm32cube.common.mx_6.9.2.202309101412
2024-01-26 10:24:34,616 [INFO] MainUpdater:2868 - connection check result : 10
2024-01-26 10:24:34,617 [INFO] MainUpdater:285 - Updater Check For Update Now.
2024-01-26 10:24:34,618 [INFO] MicroXplorer:498 - Change Database Version : DB.6.0.92
2024-01-26 10:24:34,626 [INFO] McuFinderGlobals:63 - Set McuFinder mode to 2 (CubeIDE integrated)
2024-01-26 10:24:34,626 [INFO] UserAuth:179 - activating auth plugin
2024-01-26 10:24:34,629 [INFO] UserAuth:393 - Internet connection configuration mode: 1
2024-01-26 10:24:34,651 [INFO] JxBrowserEngine:151 - Initiate JxBrowser Engine with user profile folder
2024-01-26 10:24:34,870 [INFO] CheckServerUpdateThread:120 - End of CheckServer Thread
2024-01-26 10:24:35,933 [WARN] PackLoader:240 - Cannot read IP mode file for STMicroelectronics.X-CUBE-SMBUS.2.1.0
2024-01-26 10:24:35,959 [WARN] PackLoader:240 - Cannot read IP mode file for STMicroelectronics.X-CUBE-TOUCHGFX.4.23.0
2024-01-26 10:24:36,081 [WARN] PackLoader:240 - Cannot read IP mode file for STMicroelectronics.X-CUBE-AZRTOS-F7.1.1.0
2024-01-26 10:24:36,104 [WARN] PackLoader:240 - Cannot read IP mode file for STMicroelectronics.FP-SNS-MOTENV1.4.3.2
2024-01-26 10:24:36,119 [WARN] PackLoader:240 - Cannot read IP mode file for STMicroelectronics.FP-SNS-FLIGHT1.5.0.2
2024-01-26 10:24:36,136 [WARN] PackLoader:240 - Cannot read IP mode file for STMicroelectronics.X-CUBE-DISPLAY.3.0.0
2024-01-26 10:24:36,159 [WARN] PackLoader:240 - Cannot read IP mode file for STMicroelectronics.X-CUBE-BLE1.7.0.0
2024-01-26 10:24:36,170 [WARN] PackLoader:240 - Cannot read IP mode file for emotas.I-CUBE-CANOPEN.1.3.0
2024-01-26 10:24:36,177 [WARN] PackLoader:240 - Cannot read IP mode file for STMicroelectronics.X-CUBE-TOUCHGFX.4.22.1
2024-01-26 10:24:36,185 [WARN] PackLoader:240 - Cannot read IP mode file for STMicroelectronics.FP-SNS-SMARTAG2.1.2.0
2024-01-26 10:24:36,211 [INFO] LogOutputStream:77 - [STDOUT_REDIRECT] 1 : Invalid condition id : UX_CORESTACK_Condition cause : null
2024-01-26 10:24:36,212 [INFO] LogOutputStream:77 - [STDOUT_REDIRECT] 1 : Invalid condition id : UX_CORESTACK_Condition cause : null
2024-01-26 10:24:36,214 [INFO] LogOutputStream:77 - [STDOUT_REDIRECT] 1 : Invalid condition id : UX_CORESTACK_Condition cause : null
2024-01-26 10:24:36,217 [INFO] LogOutputStream:77 - [STDOUT_REDIRECT] 1 : Invalid condition id : UX_CORESTACK_Condition cause : null
2024-01-26 10:24:36,218 [INFO] LogOutputStream:77 - [STDOUT_REDIRECT] 1 : Invalid condition id : UX_CORESTACK_Condition cause : null
2024-01-26 10:24:36,228 [WARN] PackLoader:240 - Cannot read IP mode file for STMicroelectronics.X-CUBE-AZRTOS-WL.2.0.0
2024-01-26 10:24:36,244 [WARN] PackLoader:240 - Cannot read IP mode file for WES.I-CUBE-Cesium.1.3.0
2024-01-26 10:24:36,261 [WARN] PackLoader:240 - Cannot read IP mode file for STMicroelectronics.X-CUBE-BLE2.3.3.0
2024-01-26 10:24:36,283 [WARN] PackLoader:240 - Cannot read IP mode file for STMicroelectronics.X-CUBE-ALGOBUILD.1.3.0
2024-01-26 10:24:36,321 [WARN] PackLoader:240 - Cannot read IP mode file for STMicroelectronics.X-CUBE-AZRTOS-G0.1.1.0
2024-01-26 10:24:36,333 [WARN] PackLoader:240 - Cannot read IP mode file for STMicroelectronics.X-CUBE-NFC4.3.0.0
2024-01-26 10:24:36,352 [WARN] PackLoader:240 - Cannot read IP mode file for STMicroelectronics.X-CUBE-BLEMGR.3.0.0
2024-01-26 10:24:36,376 [WARN] PackLoader:240 - Cannot read IP mode file for STMicroelectronics.FP-ATR-SIGFOX1.3.2.0
2024-01-26 10:24:36,385 [WARN] PackLoader:240 - Cannot read IP mode file for STMicroelectronics.X-CUBE-EEPRMA1.5.1.0
2024-01-26 10:24:36,446 [WARN] PackLoader:240 - Cannot read IP mode file for SEGGER.I-CUBE-embOS.1.3.1
2024-01-26 10:24:36,512 [INFO] WebApp:157 - Instantiating new browser for Auth
2024-01-26 10:24:36,528 [WARN] PackLoader:240 - Cannot read IP mode file for STMicroelectronics.X-CUBE-GNSS1.6.0.0
2024-01-26 10:24:36,560 [WARN] PackLoader:240 - Cannot read IP mode file for STMicroelectronics.X-CUBE-AZRTOS-F4.1.1.0
2024-01-26 10:24:36,571 [WARN] PackLoader:240 - Cannot read IP mode file for wolfSSL.I-CUBE-wolfSSL.5.6.4
2024-01-26 10:24:36,634 [WARN] PackLoader:240 - Cannot read IP mode file for STMicroelectronics.X-CUBE-AZRTOS-L5.2.0.0
2024-01-26 10:24:36,645 [WARN] PackLoader:240 - Cannot read IP mode file for STMicroelectronics.X-CUBE-EEPRMA1.4.2.0
2024-01-26 10:24:36,655 [WARN] PackLoader:240 - Cannot read IP mode file for ITTIA_DB.I-CUBE-ITTIADB.8.8.0
2024-01-26 10:24:36,688 [WARN] ConditionMgr:438 - getConditionDescription Invalid condition id : UX DEVICE CLASS RTOS Condition cause : null
2024-01-26 10:24:36,688 [WARN] ConditionMgr:438 - getConditionDescription Invalid condition id : UX DEVICE CLASS RTOS Condition cause : null
2024-01-26 10:24:36,692 [WARN] PackLoader:240 - Cannot read IP mode file for STMicroelectronics.X-CUBE-AZRTOS-H7.3.1.0
2024-01-26 10:24:36,694 [WARN] ConditionMgr:1039 - genDependencies : Invalid condition id : UX DEVICE CLASS RTOS Condition cause : null
2024-01-26 10:24:36,694 [WARN] ConditionMgr:1039 - genDependencies : Invalid condition id : UX DEVICE CLASS RTOS Condition cause : null
2024-01-26 10:24:36,696 [WARN] ConditionMgr:1039 - genDependencies : Invalid condition id : UX DEVICE CLASS RTOS Condition cause : null
2024-01-26 10:24:36,696 [WARN] ConditionMgr:1039 - genDependencies : Invalid condition id : UX DEVICE CLASS RTOS Condition cause : null
2024-01-26 10:24:36,697 [WARN] ConditionMgr:1039 - genDependencies : Invalid condition id : UX DEVICE CLASS RTOS Condition cause : null
2024-01-26 10:24:36,705 [WARN] PackLoader:240 - Cannot read IP mode file for STMicroelectronics.X-CUBE-NFC7.1.0.1
2024-01-26 10:24:36,718 [WARN] PackLoader:240 - Cannot read IP mode file for STMicroelectronics.X-CUBE-NFC6.3.0.0
2024-01-26 10:24:36,727 [WARN] PackLoader:240 - Cannot read IP mode file for STMicroelectronics.X-CUBE-AI.8.1.0
2024-01-26 10:24:36,761 [WARN] ConditionMgr:438 - getConditionDescription Invalid condition id : LAN8742 Phy interface Condition cause : null
2024-01-26 10:24:36,762 [WARN] PackLoader:240 - Cannot read IP mode file for STMicroelectronics.X-CUBE-AZRTOS-L4.2.0.0
2024-01-26 10:24:36,763 [WARN] ConditionMgr:1039 - genDependencies : Invalid condition id : LAN8742 Phy interface Condition cause : null
2024-01-26 10:24:36,764 [WARN] ConditionMgr:1039 - genDependencies : Invalid condition id : LAN8742 Phy interface Condition cause : null
2024-01-26 10:24:36,765 [WARN] ConditionMgr:1039 - genDependencies : Invalid condition id : LAN8742 Phy interface Condition cause : null
2024-01-26 10:24:36,778 [WARN] PackLoader:240 - Cannot read IP mode file for STMicroelectronics.X-CUBE-SFXS2LP1.4.0.0
2024-01-26 10:24:36,787 [WARN] PackLoader:240 - Cannot read IP mode file for STMicroelectronics.X-CUBE-ISPU.1.1.0
2024-01-26 10:24:36,855 [WARN] ConditionMgr:438 - getConditionDescription Invalid condition id : UX DEVICE CLASS RTOS Condition cause : null
2024-01-26 10:24:36,856 [WARN] ConditionMgr:438 - getConditionDescription Invalid condition id : UX DEVICE CLASS RTOS Condition cause : null
2024-01-26 10:24:36,861 [WARN] PackLoader:240 - Cannot read IP mode file for STMicroelectronics.X-CUBE-AZRTOS-WB.2.0.0
2024-01-26 10:24:36,866 [WARN] ConditionMgr:1039 - genDependencies : Invalid condition id : UX DEVICE CLASS RTOS Condition cause : null
2024-01-26 10:24:36,866 [WARN] ConditionMgr:1039 - genDependencies : Invalid condition id : UX DEVICE CLASS RTOS Condition cause : null
2024-01-26 10:24:36,868 [WARN] ConditionMgr:1039 - genDependencies : Invalid condition id : UX DEVICE CLASS RTOS Condition cause : null
2024-01-26 10:24:36,869 [WARN] ConditionMgr:1039 - genDependencies : Invalid condition id : UX DEVICE CLASS RTOS Condition cause : null
2024-01-26 10:24:36,869 [WARN] ConditionMgr:1039 - genDependencies : Invalid condition id : UX DEVICE CLASS RTOS Condition cause : null
2024-01-26 10:24:36,898 [WARN] PackLoader:240 - Cannot read IP mode file for STMicroelectronics.X-CUBE-SUBG2.5.0.0
2024-01-26 10:24:36,948 [WARN] PackLoader:240 - Cannot read IP mode file for STMicroelectronics.X-CUBE-TOF1.3.3.1
2024-01-26 10:24:37,021 [WARN] PackLoader:240 - Cannot read IP mode file for STMicroelectronics.X-CUBE-AZRTOS-G4.2.0.0
2024-01-26 10:24:37,057 [WARN] PackLoader:240 - Cannot read IP mode file for Infineon.AIROC-Wi-Fi-Bluetooth-STM32.1.5.1
2024-01-26 10:24:37,131 [WARN] PackLoader:240 - Cannot read IP mode file for STMicroelectronics.FP-SNS-MOTENVWB1.1.3.0
2024-01-26 10:24:37,138 [WARN] PackLoader:240 - Cannot read IP mode file for STMicroelectronics.FP-SNS-MOTENVWB1.1.3.1
2024-01-26 10:24:37,144 [WARN] PackLoader:240 - Cannot read IP mode file for STMicroelectronics.X-CUBE-ISPU.2.0.0
2024-01-26 10:24:37,228 [WARN] PackLoader:240 - Cannot read IP mode file for STMicroelectronics.X-CUBE-MEMS1.10.0.0
2024-01-26 10:24:37,890 [WARN] PackLoader:240 - Cannot read IP mode file for STMicroelectronics.X-CUBE-FREERTOS.1.1.0
2024-01-26 10:24:37,903 [WARN] PackLoader:240 - Cannot read IP mode file for portGmbH.I-Cube-SoM-uGOAL.1.1.0
2024-01-26 10:24:37,909 [WARN] PackLoader:240 - Cannot read IP mode file for STMicroelectronics.X-CUBE-ALS.1.0.1
2024-01-26 10:24:37,917 [WARN] PackLoader:240 - Cannot read IP mode file for STMicroelectronics.FP-ATR-ASTRA1.2.0.0
2024-01-26 10:24:37,933 [WARN] PackLoader:240 - Cannot read IP mode file for STMicroelectronics.X-CUBE-TOF1.3.4.0
2024-01-26 10:24:37,977 [WARN] PackLoader:240 - Cannot read IP mode file for STMicroelectronics.X-CUBE-AZRTOS-H7.3.2.0
2024-01-26 10:24:37,981 [INFO] ThirdParty:978 - Integrity check success = true
2024-01-26 10:24:37,981 [INFO] IntegrityCheckThread:100 - exiting critical section [integrity check]
2024-01-26 10:24:37,982 [INFO] IntegrityCheckThread:103 - End integrity checks thread
2024-01-26 10:24:40,046 [INFO] WebApp:753 - Register for checkConnection events
2024-01-26 10:24:40,046 [INFO] WebApp:390 - Apply proxy settings
2024-01-26 10:24:40,046 [INFO] WebApp:475 - Chromium requires no authentication
2024-01-26 10:24:40,081 [INFO] WebApp:418 - Direct internet connection detected
2024-01-26 10:24:40,884 [INFO] WebApp:188 - Starting web application
2024-01-26 10:24:40,884 [INFO] WebApp:520 - Web application path used C:\ST\STM32CubeIDE_1.13.2\STM32CubeIDE\plugins\com.st.stm32cube.common.mx_6.9.2.202309101412\db\plugins\mcufinder\reactClient1\index.html
2024-01-26 10:25:02,128 [ERROR] LogOutputStream:75 - [STDERR_REDIRECT] SLF4J: Failed to load class "org.slf4j.impl.StaticLoggerBinder".
2024-01-26 10:25:02,129 [ERROR] LogOutputStream:75 - [STDERR_REDIRECT] SLF4J: Defaulting to no-operation (NOP) logger implementation
2024-01-26 10:25:02,131 [ERROR] LogOutputStream:75 - [STDERR_REDIRECT] SLF4J: See http://www.slf4j.org/codes.html#StaticLoggerBinder for further details.
